Fri Apr 10 02:00:01 UTC 2026 开始每日数据更新...
K线新增 116 根，总计 449305 根
开始拉取持仓量历史（最近30天）...
  已拉取至 2026-03-13 19:40，共 500 条
  已拉取至 2026-03-15 13:20，共 1000 条
  已拉取至 2026-03-17 07:00，共 1500 条
  已拉取至 2026-03-19 00:40，共 2000 条
  已拉取至 2026-03-20 18:20，共 2500 条
  已拉取至 2026-03-22 12:00，共 3000 条
  已拉取至 2026-03-24 05:40，共 3500 条
  已拉取至 2026-03-25 23:20，共 4000 条
  已拉取至 2026-03-27 17:00，共 4500 条
  已拉取至 2026-03-29 10:40，共 5000 条
  已拉取至 2026-03-31 04:20，共 5500 条
  已拉取至 2026-04-01 22:00，共 6000 条
  已拉取至 2026-04-03 15:40，共 6500 条
  已拉取至 2026-04-05 09:20，共 7000 条
  已拉取至 2026-04-07 03:00，共 7500 条
  已拉取至 2026-04-08 20:40，共 8000 条
  已拉取至 2026-04-10 02:00，共 8352 条
完成，共 8352 条持仓量数据
shape: (3, 3)
┌───────────────┬───────────────┬─────────────────────────┐
│ timestamp     ┆ open_interest ┆ datetime                │
│ ---           ┆ ---           ┆ ---                     │
│ i64           ┆ f64           ┆ datetime[ms, UTC]       │
╞═══════════════╪═══════════════╪═════════════════════════╡
│ 1775785800000 ┆ 94050.376     ┆ 2026-04-10 01:50:00 UTC │
│ 1775786100000 ┆ 94169.168     ┆ 2026-04-10 01:55:00 UTC │
│ 1775786400000 ┆ 94201.635     ┆ 2026-04-10 02:00:00 UTC │
└───────────────┴───────────────┴─────────────────────────┘
因子列数: 23
  timestamp
  open
  high
  low
  close
  volume
  datetime
  roc_5
  roc_20
  ma_10
  ma_30
  turnover
  vol_ma_20
  ma10_dev
  ma30_dev
  vwap_20
  vwap_dev
  price_impact
  macd_hist
  open_interest
  oi_roc_6
  oi_roc_24
  price_oi_confirm
shape: (3, 23)
┌─────────────┬─────────┬─────────┬─────────┬───┬─────────────┬──────────┬───────────┬─────────────┐
│ timestamp   ┆ open    ┆ high    ┆ low     ┆ … ┆ open_intere ┆ oi_roc_6 ┆ oi_roc_24 ┆ price_oi_co │
│ ---         ┆ ---     ┆ ---     ┆ ---     ┆   ┆ st          ┆ ---      ┆ ---       ┆ nfirm       │
│ i64         ┆ f64     ┆ f64     ┆ f64     ┆   ┆ ---         ┆ f64      ┆ f64       ┆ ---         │
│             ┆         ┆         ┆         ┆   ┆ f64         ┆          ┆           ┆ f64         │
╞═════════════╪═════════╪═════════╪═════════╪═══╪═════════════╪══════════╪═══════════╪═════════════╡
│ 17757858000 ┆ 72191.5 ┆ 72327.6 ┆ 72172.6 ┆ … ┆ 94050.376   ┆ 0.008415 ┆ 0.011358  ┆ -7.6030e-8  │
│ 00          ┆         ┆         ┆         ┆   ┆             ┆          ┆           ┆             │
│ 17757861000 ┆ 72178.6 ┆ 72205.7 ┆ 72104.1 ┆ … ┆ 94169.168   ┆ 0.00974  ┆ 0.013004  ┆ -9.5371e-7  │
│ 00          ┆         ┆         ┆         ┆   ┆             ┆          ┆           ┆             │
│ 17757864000 ┆ 72124.0 ┆ 72124.0 ┆ 72123.9 ┆ … ┆ 94201.635   ┆ 0.006565 ┆ 0.013224  ┆ 0.0         │
│ 00          ┆         ┆         ┆         ┆   ┆             ┆          ┆           ┆             │
└─────────────┴─────────┴─────────┴─────────┴───┴─────────────┴──────────┴───────────┴─────────────┘
Fri Apr 10 02:00:25 UTC 2026 更新完成
Sat Apr 11 02:00:01 UTC 2026 开始每日数据更新...
K线新增 288 根，总计 449593 根
开始拉取持仓量历史（最近30天）...
  已拉取至 2026-03-14 19:40，共 500 条
  已拉取至 2026-03-16 13:20，共 1000 条
  已拉取至 2026-03-18 07:00，共 1500 条
  已拉取至 2026-03-20 00:40，共 2000 条
  已拉取至 2026-03-21 18:20，共 2500 条
  已拉取至 2026-03-23 12:00，共 3000 条
  已拉取至 2026-03-25 05:40，共 3500 条
  已拉取至 2026-03-26 23:20，共 4000 条
  已拉取至 2026-03-28 17:00，共 4500 条
  已拉取至 2026-03-30 10:40，共 5000 条
  已拉取至 2026-04-01 04:20，共 5500 条
  已拉取至 2026-04-02 22:00，共 6000 条
  已拉取至 2026-04-04 15:40，共 6500 条
  已拉取至 2026-04-06 09:20，共 7000 条
  已拉取至 2026-04-08 03:00，共 7500 条
  已拉取至 2026-04-09 20:40，共 8000 条
  已拉取至 2026-04-11 02:00，共 8352 条
完成，共 8352 条持仓量数据
shape: (3, 3)
┌───────────────┬───────────────┬─────────────────────────┐
│ timestamp     ┆ open_interest ┆ datetime                │
│ ---           ┆ ---           ┆ ---                     │
│ i64           ┆ f64           ┆ datetime[ms, UTC]       │
╞═══════════════╪═══════════════╪═════════════════════════╡
│ 1775872200000 ┆ 96809.183     ┆ 2026-04-11 01:50:00 UTC │
│ 1775872500000 ┆ 96806.108     ┆ 2026-04-11 01:55:00 UTC │
│ 1775872800000 ┆ 96817.734     ┆ 2026-04-11 02:00:00 UTC │
└───────────────┴───────────────┴─────────────────────────┘
因子列数: 25
  timestamp
  open
  high
  low
  close
  volume
  datetime
  roc_5
  roc_20
  ma_10
  ma_30
  turnover
  vol_ma_20
  ma10_dev
  ma30_dev
  vwap_20
  vwap_dev
  price_impact
  macd_hist
  open_interest
  oi_roc_6
  oi_roc_24
  price_oi_confirm
  vol_impact_hl
  candle_dir
shape: (3, 25)
┌─────────────┬─────────┬─────────┬─────────┬───┬───────────┬────────────┬────────────┬────────────┐
│ timestamp   ┆ open    ┆ high    ┆ low     ┆ … ┆ oi_roc_24 ┆ price_oi_c ┆ vol_impact ┆ candle_dir │
│ ---         ┆ ---     ┆ ---     ┆ ---     ┆   ┆ ---       ┆ onfirm     ┆ _hl        ┆ ---        │
│ i64         ┆ f64     ┆ f64     ┆ f64     ┆   ┆ f64       ┆ ---        ┆ ---        ┆ f64        │
│             ┆         ┆         ┆         ┆   ┆           ┆ f64        ┆ f64        ┆            │
╞═════════════╪═════════╪═════════╪═════════╪═══╪═══════════╪════════════╪════════════╪════════════╡
│ 17758722000 ┆ 72940.9 ┆ 72972.5 ┆ 72902.7 ┆ … ┆ -0.003572 ┆ 1.0219e-7  ┆ -0.000465  ┆ -0.444126  │
│ 00          ┆         ┆         ┆         ┆   ┆           ┆            ┆            ┆            │
│ 17758725000 ┆ 72910.0 ┆ 72920.1 ┆ 72872.6 ┆ … ┆ -0.003527 ┆ -4.4437e-9 ┆ 0.000135   ┆ 0.212632   │
│ 00          ┆         ┆         ┆         ┆   ┆           ┆            ┆            ┆            │
│ 17758728000 ┆ 72920.1 ┆ 72935.7 ┆ 72920.0 ┆ … ┆ -0.003166 ┆ 2.5528e-8  ┆ 0.00001    ┆ 0.987261   │
│ 00          ┆         ┆         ┆         ┆   ┆           ┆            ┆            ┆            │
└─────────────┴─────────┴─────────┴─────────┴───┴───────────┴────────────┴────────────┴────────────┘
Sat Apr 11 02:00:24 UTC 2026 更新完成
Sun Apr 12 02:00:01 UTC 2026 开始每日数据更新...
K线新增 288 根，总计 449881 根
开始拉取持仓量历史（最近30天）...
  已拉取至 2026-03-15 19:40，共 500 条
  已拉取至 2026-03-17 13:20，共 1000 条
  已拉取至 2026-03-19 07:00，共 1500 条
  已拉取至 2026-03-21 00:40，共 2000 条
  已拉取至 2026-03-22 18:20，共 2500 条
  已拉取至 2026-03-24 12:00，共 3000 条
  已拉取至 2026-03-26 05:40，共 3500 条
  已拉取至 2026-03-27 23:20，共 4000 条
  已拉取至 2026-03-29 17:00，共 4500 条
  已拉取至 2026-03-31 10:40，共 5000 条
  已拉取至 2026-04-02 04:20，共 5500 条
  已拉取至 2026-04-03 22:00，共 6000 条
  已拉取至 2026-04-05 15:40，共 6500 条
  已拉取至 2026-04-07 09:20，共 7000 条
  已拉取至 2026-04-09 03:00，共 7500 条
  已拉取至 2026-04-10 20:40，共 8000 条
  已拉取至 2026-04-12 02:00，共 8352 条
完成，共 8352 条持仓量数据
shape: (3, 3)
┌───────────────┬───────────────┬─────────────────────────┐
│ timestamp     ┆ open_interest ┆ datetime                │
│ ---           ┆ ---           ┆ ---                     │
│ i64           ┆ f64           ┆ datetime[ms, UTC]       │
╞═══════════════╪═══════════════╪═════════════════════════╡
│ 1775958600000 ┆ 97384.956     ┆ 2026-04-12 01:50:00 UTC │
│ 1775958900000 ┆ 97051.487     ┆ 2026-04-12 01:55:00 UTC │
│ 1775959200000 ┆ 97122.962     ┆ 2026-04-12 02:00:00 UTC │
└───────────────┴───────────────┴─────────────────────────┘
Sun Apr 12 02:00:25 UTC 2026 更新完成
